0 info it worked if it ends with ok
1 verbose cli [ 'C:\\Program Files\\nodejs\\node.exe',
1 verbose cli   'C:\\Program Files\\nodejs\\node_modules\\npm\\bin\\npm-cli.js',
1 verbose cli   'run',
1 verbose cli   'test:e2e' ]
2 info using npm@3.10.9
3 info using node@v6.9.2
4 verbose run-script [ 'pretest:e2e', 'test:e2e', 'posttest:e2e' ]
5 info lifecycle life-in-boxes@1.0.0~pretest:e2e: life-in-boxes@1.0.0
6 silly lifecycle life-in-boxes@1.0.0~pretest:e2e: no script for pretest:e2e, continuing
7 info lifecycle life-in-boxes@1.0.0~test:e2e: life-in-boxes@1.0.0
8 verbose lifecycle life-in-boxes@1.0.0~test:e2e: unsafe-perm in lifecycle true
9 verbose lifecycle life-in-boxes@1.0.0~test:e2e: PATH: C:\Program Files\nodejs\node_modules\npm\bin\node-gyp-bin;C:\Users\me\dev\projects\life-in-boxes\node_modules\.bin;C:\Users\me\dev\tools\cmder\bin;C:\Users\me\dev\tools\cmder\vendor\conemu-maximus5\ConEmu\Scripts;C:\Users\me\dev\tools\cmder\vendor\conemu-maximus5;C:\Users\me\dev\tools\cmder\vendor\conemu-maximus5\ConEmu;C:\Program Files\Docker\Docker\Resources\bin;C:\Python27\;C:\Python27\Scripts;C:\Program Files (x86)\Common Files\Intel\Shared Files\cpp\bin\Intel64;C:\Windows\system32;C:\Windows;C:\Windows\System32\Wbem;C:\Windows\System32\WindowsPowerShell\v1.0\;C:\Program Files\Git\cmd;C:\Program Files\Perforce\DVCS\;C:\Program Files (x86)\GitExtensions\;C:\Windows\system32\config\systemprofile\.dnx\bin;C:\Program Files\Microsoft DNX\Dnvm\;C:\Program Files\Microsoft SQL Server\130\Tools\Binn\;C:\Users\me\dev\tools\hugo\bin;C:\Go\bin;C:\Program Files\nodejs\;C:\Program Files\Calibre2\;C:\Program Files\Redis\;C:\Users\me\dev\tools\nginx\nginx-1.10.2\;C:\Program Files (x86)\Microsoft SDKs\F#\4.0\Framework\v4.0\;C:\Program Files\PostgreSQL\9.6\bin\;C:\Users\me\AppData\Local\Microsoft\WindowsApps;C:\Program Files (x86)\Microsoft VS Code\bin;C:\Program Files (x86)\GitExtensions;C:\Users\me\dev\projects\go\bin;C:\Users\me\AppData\Roaming\npm;C:\Program Files\Git\usr\bin;C:\Program Files\Git\usr\share\vim\vim74;C:\Users\me\dev\tools\cmder\
10 verbose lifecycle life-in-boxes@1.0.0~test:e2e: CWD: C:\Users\me\dev\projects\life-in-boxes
11 silly lifecycle life-in-boxes@1.0.0~test:e2e: Args: [ '/d /s /c', 'protractor test/protractor.conf.js' ]
12 silly lifecycle life-in-boxes@1.0.0~test:e2e: Returned: code: 135  signal: null
13 info lifecycle life-in-boxes@1.0.0~test:e2e: Failed to exec test:e2e script
14 verbose stack Error: life-in-boxes@1.0.0 test:e2e: `protractor test/protractor.conf.js`
14 verbose stack Exit status 135
14 verbose stack     at EventEmitter.<anonymous> (C:\Program Files\nodejs\node_modules\npm\lib\utils\lifecycle.js:255:16)
14 verbose stack     at emitTwo (events.js:106:13)
14 verbose stack     at EventEmitter.emit (events.js:191:7)
14 verbose stack     at ChildProcess.<anonymous> (C:\Program Files\nodejs\node_modules\npm\lib\utils\spawn.js:40:14)
14 verbose stack     at emitTwo (events.js:106:13)
14 verbose stack     at ChildProcess.emit (events.js:191:7)
14 verbose stack     at maybeClose (internal/child_process.js:877:16)
14 verbose stack     at Process.ChildProcess._handle.onexit (internal/child_process.js:226:5)
15 verbose pkgid life-in-boxes@1.0.0
16 verbose cwd C:\Users\me\dev\projects\life-in-boxes
17 error Windows_NT 10.0.14393
18 error argv "C:\\Program Files\\nodejs\\node.exe" "C:\\Program Files\\nodejs\\node_modules\\npm\\bin\\npm-cli.js" "run" "test:e2e"
19 error node v6.9.2
20 error npm  v3.10.9
21 error code ELIFECYCLE
22 error life-in-boxes@1.0.0 test:e2e: `protractor test/protractor.conf.js`
22 error Exit status 135
23 error Failed at the life-in-boxes@1.0.0 test:e2e script 'protractor test/protractor.conf.js'.
23 error Make sure you have the latest version of node.js and npm installed.
23 error If you do, this is most likely a problem with the life-in-boxes package,
23 error not with npm itself.
23 error Tell the author that this fails on your system:
23 error     protractor test/protractor.conf.js
23 error You can get information on how to open an issue for this project with:
23 error     npm bugs life-in-boxes
23 error Or if that isn't available, you can get their info via:
23 error     npm owner ls life-in-boxes
23 error There is likely additional logging output above.
24 verbose exit [ 1, true ]
